[0.060s] Invoking command in '/home/alex/Documents/ros_ws/build/cpp_srvcli': CMAKE_PREFIX_PATH=${CMAKE_PREFIX_PATH}:/opt/ros/humble /usr/bin/cmake --build /home/alex/Documents/ros_ws/build/cpp_srvcli -- -j2 -l2
[0.113s] -- Found ament_cmake: 1.3.5 (/opt/ros/humble/share/ament_cmake/cmake)
[0.272s] -- Found rclcpp: 16.0.5 (/opt/ros/humble/share/rclcpp/cmake)
[0.290s] -- Found rosidl_generator_c: 3.1.5 (/opt/ros/humble/share/rosidl_generator_c/cmake)
[0.292s] -- Found rosidl_adapter: 3.1.5 (/opt/ros/humble/share/rosidl_adapter/cmake)
[0.297s] -- Found rosidl_generator_cpp: 3.1.5 (/opt/ros/humble/share/rosidl_generator_cpp/cmake)
[0.304s] -- Using all available rosidl_typesupport_c: rosidl_typesupport_fastrtps_c;rosidl_typesupport_introspection_c
[0.314s] -- Using all available rosidl_typesupport_cpp: rosidl_typesupport_fastrtps_cpp;rosidl_typesupport_introspection_cpp
[0.355s] -- Found rmw_implementation_cmake: 6.1.1 (/opt/ros/humble/share/rmw_implementation_cmake/cmake)
[0.356s] -- Found rmw_fastrtps_cpp: 6.2.3 (/opt/ros/humble/share/rmw_fastrtps_cpp/cmake)
[0.434s] -- Using RMW implementation 'rmw_fastrtps_cpp' as default
[0.540s] -- Found example_interfaces: 0.9.3 (/opt/ros/humble/share/example_interfaces/cmake)
[0.758s] -- Found ament_lint_auto: 0.12.7 (/opt/ros/humble/share/ament_lint_auto/cmake)
[0.805s] -- Added test 'cppcheck' to perform static code analysis on C / C++ code
[0.805s] -- Configured cppcheck include dirs: 
[0.805s] -- Configured cppcheck exclude dirs and/or files: 
[0.806s] -- Added test 'lint_cmake' to check CMake code style
[0.806s] -- Added test 'uncrustify' to check C / C++ code style
[0.807s] -- Configured uncrustify additional arguments: 
[0.807s] -- Added test 'xmllint' to check XML markup files
[0.807s] -- Configuring done
[0.818s] -- Generating done
[0.822s] -- Build files have been written to: /home/alex/Documents/ros_ws/build/cpp_srvcli
[0.852s] [35m[1mConsolidate compiler generated dependencies of target client[0m
[0.852s] [35m[1mConsolidate compiler generated dependencies of target server[0m
[0.903s] [ 75%] [32m[1mLinking CXX executable client[0m
[0.903s] [ 75%] Built target server
[1.170s] [100%] Built target client
[1.212s] Invoked command in '/home/alex/Documents/ros_ws/build/cpp_srvcli' returned '0': CMAKE_PREFIX_PATH=${CMAKE_PREFIX_PATH}:/opt/ros/humble /usr/bin/cmake --build /home/alex/Documents/ros_ws/build/cpp_srvcli -- -j2 -l2
[1.307s] Invoking command in '/home/alex/Documents/ros_ws/build/cpp_srvcli': CMAKE_PREFIX_PATH=${CMAKE_PREFIX_PATH}:/opt/ros/humble /usr/bin/cmake --install /home/alex/Documents/ros_ws/build/cpp_srvcli
[1.314s] -- Install configuration: ""
[1.314s] -- Up-to-date: /home/alex/Documents/ros_ws/install/cpp_srvcli/lib/cpp_srvcli/server
[1.314s] -- Installing: /home/alex/Documents/ros_ws/install/cpp_srvcli/lib/cpp_srvcli/client
[1.315s] -- Set runtime path of "/home/alex/Documents/ros_ws/install/cpp_srvcli/lib/cpp_srvcli/client" to ""
[1.316s] -- Up-to-date: /home/alex/Documents/ros_ws/install/cpp_srvcli/share/ament_index/resource_index/package_run_dependencies/cpp_srvcli
[1.316s] -- Up-to-date: /home/alex/Documents/ros_ws/install/cpp_srvcli/share/ament_index/resource_index/parent_prefix_path/cpp_srvcli
[1.316s] -- Up-to-date: /home/alex/Documents/ros_ws/install/cpp_srvcli/share/cpp_srvcli/environment/ament_prefix_path.sh
[1.316s] -- Installing: /home/alex/Documents/ros_ws/install/cpp_srvcli/share/cpp_srvcli/environment/ament_prefix_path.dsv
[1.316s] -- Up-to-date: /home/alex/Documents/ros_ws/install/cpp_srvcli/share/cpp_srvcli/environment/path.sh
[1.316s] -- Installing: /home/alex/Documents/ros_ws/install/cpp_srvcli/share/cpp_srvcli/environment/path.dsv
[1.316s] -- Up-to-date: /home/alex/Documents/ros_ws/install/cpp_srvcli/share/cpp_srvcli/local_setup.bash
[1.317s] -- Up-to-date: /home/alex/Documents/ros_ws/install/cpp_srvcli/share/cpp_srvcli/local_setup.sh
[1.317s] -- Up-to-date: /home/alex/Documents/ros_ws/install/cpp_srvcli/share/cpp_srvcli/local_setup.zsh
[1.317s] -- Installing: /home/alex/Documents/ros_ws/install/cpp_srvcli/share/cpp_srvcli/local_setup.dsv
[1.317s] -- Installing: /home/alex/Documents/ros_ws/install/cpp_srvcli/share/cpp_srvcli/package.dsv
[1.317s] -- Up-to-date: /home/alex/Documents/ros_ws/install/cpp_srvcli/share/ament_index/resource_index/packages/cpp_srvcli
[1.317s] -- Up-to-date: /home/alex/Documents/ros_ws/install/cpp_srvcli/share/cpp_srvcli/cmake/cpp_srvcliConfig.cmake
[1.317s] -- Up-to-date: /home/alex/Documents/ros_ws/install/cpp_srvcli/share/cpp_srvcli/cmake/cpp_srvcliConfig-version.cmake
[1.317s] -- Up-to-date: /home/alex/Documents/ros_ws/install/cpp_srvcli/share/cpp_srvcli/package.xml
[1.320s] Invoked command in '/home/alex/Documents/ros_ws/build/cpp_srvcli' returned '0': CMAKE_PREFIX_PATH=${CMAKE_PREFIX_PATH}:/opt/ros/humble /usr/bin/cmake --install /home/alex/Documents/ros_ws/build/cpp_srvcli
