[0.012s] Invoking command in '/home/alex/Documents/ros_ws/src/more_interfaces/build/more_interfaces': CMAKE_PREFIX_PATH=/opt/ros/humble /usr/bin/cmake /home/alex/Documents/ros_ws/src/more_interfaces -DCMAKE_INSTALL_PREFIX=/home/alex/Documents/ros_ws/src/more_interfaces/install/more_interfaces
[0.104s] -- The C compiler identification is GNU 11.4.0
[0.291s] -- The CXX compiler identification is GNU 11.4.0
[0.328s] -- Detecting C compiler ABI info
[0.581s] -- Detecting C compiler ABI info - done
[0.597s] -- Check for working C compiler: /usr/bin/cc - skipped
[0.598s] -- Detecting C compile features
[0.599s] -- Detecting C compile features - done
[0.610s] -- Detecting CXX compiler ABI info
[0.854s] -- Detecting CXX compiler ABI info - done
[0.859s] -- Check for working CXX compiler: /usr/bin/c++ - skipped
[0.859s] -- Detecting CXX compile features
[0.859s] -- Detecting CXX compile features - done
[0.861s] -- Found ament_cmake: 1.3.5 (/opt/ros/humble/share/ament_cmake/cmake)
[0.978s] -- Found Python3: /usr/bin/python3.10 (found version "3.10.12") found components: Interpreter 
[1.039s] -- Found rosidl_default_generators: 1.2.0 (/opt/ros/humble/share/rosidl_default_generators/cmake)
[1.039s] -- Using all available rosidl_typesupport_c: rosidl_typesupport_fastrtps_c;rosidl_typesupport_introspection_c
[1.043s] -- Found rosidl_adapter: 3.1.5 (/opt/ros/humble/share/rosidl_adapter/cmake)
[1.067s] -- Using all available rosidl_typesupport_cpp: rosidl_typesupport_fastrtps_cpp;rosidl_typesupport_introspection_cpp
[1.088s] -- Found ament_lint_auto: 0.12.7 (/opt/ros/humble/share/ament_lint_auto/cmake)
[1.329s] -- Found ament_cmake_ros: 0.10.0 (/opt/ros/humble/share/ament_cmake_ros/cmake)
[1.461s] -- Using all available rosidl_typesupport_c: rosidl_typesupport_fastrtps_c;rosidl_typesupport_introspection_c
[1.630s] -- Using all available rosidl_typesupport_cpp: rosidl_typesupport_fastrtps_cpp;rosidl_typesupport_introspection_cpp
[1.651s] -- Found PythonInterp: /usr/bin/python3 (found suitable version "3.10.12", minimum required is "3.6") 
[1.652s] -- Found python_cmake_module: 0.10.0 (/opt/ros/humble/share/python_cmake_module/cmake)
[1.670s] -- Found PythonLibs: /usr/lib/x86_64-linux-gnu/libpython3.10.so (found suitable version "3.10.12", minimum required is "3.5") 
[1.670s] -- Using PYTHON_EXECUTABLE: /usr/bin/python3
[1.670s] -- Using PYTHON_INCLUDE_DIRS: /usr/include/python3.10
[1.671s] -- Using PYTHON_LIBRARIES: /usr/lib/x86_64-linux-gnu/libpython3.10.so
[1.685s] -- Found PythonExtra: .so  
[1.719s] [31mCMake Error at /opt/ros/humble/share/ament_cmake_target_dependencies/cmake/ament_target_dependencies.cmake:77 (message):
[1.719s]   ament_target_dependencies() the passed package name 'rclcpp' was not found
[1.719s]   before
[1.719s] Call Stack (most recent call first):
[1.719s]   CMakeLists.txt:35 (ament_target_dependencies)
[1.719s] 
[1.719s] [0m
[1.719s] -- Configuring incomplete, errors occurred!
[1.720s] See also "/home/alex/Documents/ros_ws/src/more_interfaces/build/more_interfaces/CMakeFiles/CMakeOutput.log".
[1.723s] Invoked command in '/home/alex/Documents/ros_ws/src/more_interfaces/build/more_interfaces' returned '1': CMAKE_PREFIX_PATH=/opt/ros/humble /usr/bin/cmake /home/alex/Documents/ros_ws/src/more_interfaces -DCMAKE_INSTALL_PREFIX=/home/alex/Documents/ros_ws/src/more_interfaces/install/more_interfaces
