[0.012s] Invoking command in '/home/alex/Documents/ros_ws/build/tutorial_interfaces': CMAKE_PREFIX_PATH=${CMAKE_PREFIX_PATH}:/opt/ros/humble /usr/bin/cmake /home/alex/Documents/ros_ws/src/tutorial_interfaces -DCMAKE_INSTALL_PREFIX=/home/alex/Documents/ros_ws/install/tutorial_interfaces
[0.021s] -- Found ament_cmake: 1.3.5 (/opt/ros/humble/share/ament_cmake/cmake)
[0.389s] -- Found geometry_msgs: 4.2.3 (/opt/ros/humble/share/geometry_msgs/cmake)
[0.405s] -- Found rosidl_generator_c: 3.1.5 (/opt/ros/humble/share/rosidl_generator_c/cmake)
[0.406s] -- Found rosidl_adapter: 3.1.5 (/opt/ros/humble/share/rosidl_adapter/cmake)
[0.411s] -- Found rosidl_generator_cpp: 3.1.5 (/opt/ros/humble/share/rosidl_generator_cpp/cmake)
[0.418s] -- Using all available rosidl_typesupport_c: rosidl_typesupport_fastrtps_c;rosidl_typesupport_introspection_c
[0.428s] -- Using all available rosidl_typesupport_cpp: rosidl_typesupport_fastrtps_cpp;rosidl_typesupport_introspection_cpp
[0.504s] -- Found rosidl_default_generators: 1.2.0 (/opt/ros/humble/share/rosidl_default_generators/cmake)
[0.509s] -- Found ament_lint_auto: 0.12.7 (/opt/ros/humble/share/ament_lint_auto/cmake)
[0.576s] [31mCMake Error at /opt/ros/humble/share/rosidl_cmake/cmake/rosidl_generate_interfaces.cmake:93 (message):
[0.576s]   rosidl_generate_interfaces() the passed file 'msg/Num.msg' doesn't exist
[0.576s]   relative to the CMAKE_CURRENT_SOURCE_DIR
[0.576s]   '/home/alex/Documents/ros_ws/src/tutorial_interfaces'
[0.576s] Call Stack (most recent call first):
[0.576s]   CMakeLists.txt:27 (rosidl_generate_interfaces)
[0.576s] 
[0.577s] [0m
[0.577s] -- Configuring incomplete, errors occurred!
[0.577s] See also "/home/alex/Documents/ros_ws/build/tutorial_interfaces/CMakeFiles/CMakeOutput.log".
[0.585s] Invoked command in '/home/alex/Documents/ros_ws/build/tutorial_interfaces' returned '1': CMAKE_PREFIX_PATH=${CMAKE_PREFIX_PATH}:/opt/ros/humble /usr/bin/cmake /home/alex/Documents/ros_ws/src/tutorial_interfaces -DCMAKE_INSTALL_PREFIX=/home/alex/Documents/ros_ws/install/tutorial_interfaces
