[0.041s] Invoking command in '/home/alex/Documents/ros_ws/src/more_interfaces/build/more_interfaces': CMAKE_PREFIX_PATH=/opt/ros/humble /usr/bin/cmake --build /home/alex/Documents/ros_ws/src/more_interfaces/build/more_interfaces -- -j2 -l2
[0.080s] [35m[1mConsolidate compiler generated dependencies of target more_interfaces__rosidl_generator_c[0m
[0.092s] [  3%] Built target more_interfaces__cpp
[0.094s] [ 12%] Built target more_interfaces__rosidl_generator_c
[0.105s] [35m[1mConsolidate compiler generated dependencies of target more_interfaces__rosidl_typesupport_cpp[0m
[0.121s] [ 21%] Built target more_interfaces__rosidl_typesupport_cpp
[0.134s] [ 21%] Built target ament_cmake_python_copy_more_interfaces
[0.140s] [35m[1mConsolidate compiler generated dependencies of target more_interfaces__rosidl_typesupport_introspection_c[0m
[0.144s] [35m[1mConsolidate compiler generated dependencies of target more_interfaces__rosidl_typesupport_fastrtps_c[0m
[0.154s] [ 30%] Built target more_interfaces__rosidl_typesupport_introspection_c
[0.160s] [ 39%] Built target more_interfaces__rosidl_typesupport_fastrtps_c
[0.165s] [35m[1mConsolidate compiler generated dependencies of target more_interfaces__rosidl_typesupport_c[0m
[0.172s] [35m[1mConsolidate compiler generated dependencies of target more_interfaces__rosidl_typesupport_fastrtps_cpp[0m
[0.178s] [ 48%] Built target more_interfaces__rosidl_typesupport_c
[0.187s] [ 57%] Built target more_interfaces__rosidl_typesupport_fastrtps_cpp
[0.191s] [35m[1mConsolidate compiler generated dependencies of target more_interfaces__rosidl_typesupport_introspection_cpp[0m
[0.206s] [ 66%] Built target more_interfaces__rosidl_typesupport_introspection_cpp
[0.219s] [35m[1mConsolidate compiler generated dependencies of target publish_address_book[0m
[0.241s] [ 69%] [32mBuilding CXX object CMakeFiles/publish_address_book.dir/src/publish_address_book.cpp.o[0m
[0.439s] running egg_info
[0.440s] writing more_interfaces.egg-info/PKG-INFO
[0.441s] writing dependency_links to more_interfaces.egg-info/dependency_links.txt
[0.441s] writing top-level names to more_interfaces.egg-info/top_level.txt
[0.444s] reading manifest file 'more_interfaces.egg-info/SOURCES.txt'
[0.444s] writing manifest file 'more_interfaces.egg-info/SOURCES.txt'
[0.470s] [ 69%] Built target ament_cmake_python_build_more_interfaces_egg
[0.493s] [ 69%] Built target more_interfaces
[0.521s] [ 72%] Built target more_interfaces__py
[0.543s] [35m[1mConsolidate compiler generated dependencies of target more_interfaces__rosidl_generator_py[0m
[0.563s] [ 78%] Built target more_interfaces__rosidl_generator_py
[0.577s] [35m[1mConsolidate compiler generated dependencies of target more_interfaces__rosidl_typesupport_fastrtps_c__pyext[0m
[0.594s] [ 84%] Built target more_interfaces__rosidl_typesupport_fastrtps_c__pyext
[0.614s] [35m[1mConsolidate compiler generated dependencies of target more_interfaces__rosidl_typesupport_introspection_c__pyext[0m
[0.660s] [ 90%] Built target more_interfaces__rosidl_typesupport_introspection_c__pyext
[0.683s] [35m[1mConsolidate compiler generated dependencies of target more_interfaces__rosidl_typesupport_c__pyext[0m
[0.701s] [ 96%] Built target more_interfaces__rosidl_typesupport_c__pyext
[3.827s] [100%] [32m[1mLinking CXX executable publish_address_book[0m
[3.957s] [100%] Built target publish_address_book
[3.971s] Invoked command in '/home/alex/Documents/ros_ws/src/more_interfaces/build/more_interfaces' returned '0': CMAKE_PREFIX_PATH=/opt/ros/humble /usr/bin/cmake --build /home/alex/Documents/ros_ws/src/more_interfaces/build/more_interfaces -- -j2 -l2
[4.222s] Invoking command in '/home/alex/Documents/ros_ws/src/more_interfaces/build/more_interfaces': CMAKE_PREFIX_PATH=/opt/ros/humble /usr/bin/cmake --install /home/alex/Documents/ros_ws/src/more_interfaces/build/more_interfaces
[4.230s] -- Install configuration: ""
[4.231s] -- Installing: /home/alex/Documents/ros_ws/src/more_interfaces/install/more_interfaces/share/ament_index/resource_index/rosidl_interfaces/more_interfaces
[4.231s] -- Installing: /home/alex/Documents/ros_ws/src/more_interfaces/install/more_interfaces/include/more_interfaces/more_interfaces
[4.231s] -- Installing: /home/alex/Documents/ros_ws/src/more_interfaces/install/more_interfaces/include/more_interfaces/more_interfaces/msg
[4.231s] -- Installing: /home/alex/Documents/ros_ws/src/more_interfaces/install/more_interfaces/include/more_interfaces/more_interfaces/msg/detail
[4.231s] -- Installing: /home/alex/Documents/ros_ws/src/more_interfaces/install/more_interfaces/include/more_interfaces/more_interfaces/msg/detail/address_book__struct.h
[4.232s] -- Installing: /home/alex/Documents/ros_ws/src/more_interfaces/install/more_interfaces/include/more_interfaces/more_interfaces/msg/detail/address_book__functions.h
[4.232s] -- Installing: /home/alex/Documents/ros_ws/src/more_interfaces/install/more_interfaces/include/more_interfaces/more_interfaces/msg/detail/address_book__functions.c
[4.232s] -- Installing: /home/alex/Documents/ros_ws/src/more_interfaces/install/more_interfaces/include/more_interfaces/more_interfaces/msg/detail/address_book__type_support.h
[4.232s] -- Installing: /home/alex/Documents/ros_ws/src/more_interfaces/install/more_interfaces/include/more_interfaces/more_interfaces/msg/address_book.h
[4.232s] -- Installing: /home/alex/Documents/ros_ws/src/more_interfaces/install/more_interfaces/include/more_interfaces/more_interfaces/msg/rosidl_generator_c__visibility_control.h
[4.232s] -- Installing: /home/alex/Documents/ros_ws/src/more_interfaces/install/more_interfaces/share/more_interfaces/environment/library_path.sh
[4.233s] -- Installing: /home/alex/Documents/ros_ws/src/more_interfaces/install/more_interfaces/share/more_interfaces/environment/library_path.dsv
[4.233s] -- Installing: /home/alex/Documents/ros_ws/src/more_interfaces/install/more_interfaces/lib/libmore_interfaces__rosidl_generator_c.so
[4.233s] -- Set runtime path of "/home/alex/Documents/ros_ws/src/more_interfaces/install/more_interfaces/lib/libmore_interfaces__rosidl_generator_c.so" to ""
[4.234s] -- Up-to-date: /home/alex/Documents/ros_ws/src/more_interfaces/install/more_interfaces/include/more_interfaces/more_interfaces
[4.234s] -- Up-to-date: /home/alex/Documents/ros_ws/src/more_interfaces/install/more_interfaces/include/more_interfaces/more_interfaces/msg
[4.234s] -- Up-to-date: /home/alex/Documents/ros_ws/src/more_interfaces/install/more_interfaces/include/more_interfaces/more_interfaces/msg/detail
[4.234s] -- Installing: /home/alex/Documents/ros_ws/src/more_interfaces/install/more_interfaces/include/more_interfaces/more_interfaces/msg/detail/address_book__rosidl_typesupport_fastrtps_c.h
[4.234s] -- Installing: /home/alex/Documents/ros_ws/src/more_interfaces/install/more_interfaces/include/more_interfaces/more_interfaces/msg/rosidl_typesupport_fastrtps_c__visibility_control.h
[4.235s] -- Installing: /home/alex/Documents/ros_ws/src/more_interfaces/install/more_interfaces/lib/libmore_interfaces__rosidl_typesupport_fastrtps_c.so
[4.235s] -- Set runtime path of "/home/alex/Documents/ros_ws/src/more_interfaces/install/more_interfaces/lib/libmore_interfaces__rosidl_typesupport_fastrtps_c.so" to ""
[4.235s] -- Up-to-date: /home/alex/Documents/ros_ws/src/more_interfaces/install/more_interfaces/include/more_interfaces/more_interfaces
[4.235s] -- Up-to-date: /home/alex/Documents/ros_ws/src/more_interfaces/install/more_interfaces/include/more_interfaces/more_interfaces/msg
[4.235s] -- Up-to-date: /home/alex/Documents/ros_ws/src/more_interfaces/install/more_interfaces/include/more_interfaces/more_interfaces/msg/detail
[4.236s] -- Installing: /home/alex/Documents/ros_ws/src/more_interfaces/install/more_interfaces/include/more_interfaces/more_interfaces/msg/detail/address_book__type_support.c
[4.236s] -- Installing: /home/alex/Documents/ros_ws/src/more_interfaces/install/more_interfaces/include/more_interfaces/more_interfaces/msg/detail/address_book__rosidl_typesupport_introspection_c.h
[4.236s] -- Installing: /home/alex/Documents/ros_ws/src/more_interfaces/install/more_interfaces/include/more_interfaces/more_interfaces/msg/rosidl_typesupport_introspection_c__visibility_control.h
[4.236s] -- Installing: /home/alex/Documents/ros_ws/src/more_interfaces/install/more_interfaces/lib/libmore_interfaces__rosidl_typesupport_introspection_c.so
[4.237s] -- Set runtime path of "/home/alex/Documents/ros_ws/src/more_interfaces/install/more_interfaces/lib/libmore_interfaces__rosidl_typesupport_introspection_c.so" to ""
[4.237s] -- Installing: /home/alex/Documents/ros_ws/src/more_interfaces/install/more_interfaces/lib/libmore_interfaces__rosidl_typesupport_c.so
[4.237s] -- Set runtime path of "/home/alex/Documents/ros_ws/src/more_interfaces/install/more_interfaces/lib/libmore_interfaces__rosidl_typesupport_c.so" to ""
[4.237s] -- Up-to-date: /home/alex/Documents/ros_ws/src/more_interfaces/install/more_interfaces/include/more_interfaces/more_interfaces
[4.237s] -- Up-to-date: /home/alex/Documents/ros_ws/src/more_interfaces/install/more_interfaces/include/more_interfaces/more_interfaces/msg
[4.238s] -- Up-to-date: /home/alex/Documents/ros_ws/src/more_interfaces/install/more_interfaces/include/more_interfaces/more_interfaces/msg/detail
[4.238s] -- Installing: /home/alex/Documents/ros_ws/src/more_interfaces/install/more_interfaces/include/more_interfaces/more_interfaces/msg/detail/address_book__struct.hpp
[4.238s] -- Installing: /home/alex/Documents/ros_ws/src/more_interfaces/install/more_interfaces/include/more_interfaces/more_interfaces/msg/detail/address_book__traits.hpp
[4.238s] -- Installing: /home/alex/Documents/ros_ws/src/more_interfaces/install/more_interfaces/include/more_interfaces/more_interfaces/msg/detail/address_book__builder.hpp
[4.238s] -- Installing: /home/alex/Documents/ros_ws/src/more_interfaces/install/more_interfaces/include/more_interfaces/more_interfaces/msg/address_book.hpp
[4.238s] -- Up-to-date: /home/alex/Documents/ros_ws/src/more_interfaces/install/more_interfaces/include/more_interfaces/more_interfaces
[4.239s] -- Up-to-date: /home/alex/Documents/ros_ws/src/more_interfaces/install/more_interfaces/include/more_interfaces/more_interfaces/msg
[4.239s] -- Up-to-date: /home/alex/Documents/ros_ws/src/more_interfaces/install/more_interfaces/include/more_interfaces/more_interfaces/msg/detail
[4.239s] -- Installing: /home/alex/Documents/ros_ws/src/more_interfaces/install/more_interfaces/include/more_interfaces/more_interfaces/msg/detail/address_book__rosidl_typesupport_fastrtps_cpp.hpp
[4.239s] -- Installing: /home/alex/Documents/ros_ws/src/more_interfaces/install/more_interfaces/include/more_interfaces/more_interfaces/msg/detail/dds_fastrtps
[4.239s] -- Installing: /home/alex/Documents/ros_ws/src/more_interfaces/install/more_interfaces/include/more_interfaces/more_interfaces/msg/rosidl_typesupport_fastrtps_cpp__visibility_control.h
[4.239s] -- Installing: /home/alex/Documents/ros_ws/src/more_interfaces/install/more_interfaces/lib/libmore_interfaces__rosidl_typesupport_fastrtps_cpp.so
[4.240s] -- Set runtime path of "/home/alex/Documents/ros_ws/src/more_interfaces/install/more_interfaces/lib/libmore_interfaces__rosidl_typesupport_fastrtps_cpp.so" to ""
[4.240s] -- Up-to-date: /home/alex/Documents/ros_ws/src/more_interfaces/install/more_interfaces/include/more_interfaces/more_interfaces
[4.240s] -- Up-to-date: /home/alex/Documents/ros_ws/src/more_interfaces/install/more_interfaces/include/more_interfaces/more_interfaces/msg
[4.240s] -- Up-to-date: /home/alex/Documents/ros_ws/src/more_interfaces/install/more_interfaces/include/more_interfaces/more_interfaces/msg/detail
[4.240s] -- Installing: /home/alex/Documents/ros_ws/src/more_interfaces/install/more_interfaces/include/more_interfaces/more_interfaces/msg/detail/address_book__rosidl_typesupport_introspection_cpp.hpp
[4.240s] -- Installing: /home/alex/Documents/ros_ws/src/more_interfaces/install/more_interfaces/include/more_interfaces/more_interfaces/msg/detail/address_book__type_support.cpp
[4.240s] -- Installing: /home/alex/Documents/ros_ws/src/more_interfaces/install/more_interfaces/lib/libmore_interfaces__rosidl_typesupport_introspection_cpp.so
[4.241s] -- Set runtime path of "/home/alex/Documents/ros_ws/src/more_interfaces/install/more_interfaces/lib/libmore_interfaces__rosidl_typesupport_introspection_cpp.so" to ""
[4.241s] -- Installing: /home/alex/Documents/ros_ws/src/more_interfaces/install/more_interfaces/lib/libmore_interfaces__rosidl_typesupport_cpp.so
[4.241s] -- Set runtime path of "/home/alex/Documents/ros_ws/src/more_interfaces/install/more_interfaces/lib/libmore_interfaces__rosidl_typesupport_cpp.so" to ""
[4.242s] -- Installing: /home/alex/Documents/ros_ws/src/more_interfaces/install/more_interfaces/share/more_interfaces/environment/pythonpath.sh
[4.242s] -- Installing: /home/alex/Documents/ros_ws/src/more_interfaces/install/more_interfaces/share/more_interfaces/environment/pythonpath.dsv
[4.242s] -- Installing: /home/alex/Documents/ros_ws/src/more_interfaces/install/more_interfaces/local/lib/python3.10/dist-packages/more_interfaces-0.0.0-py3.10.egg-info
[4.242s] -- Installing: /home/alex/Documents/ros_ws/src/more_interfaces/install/more_interfaces/local/lib/python3.10/dist-packages/more_interfaces-0.0.0-py3.10.egg-info/SOURCES.txt
[4.242s] -- Installing: /home/alex/Documents/ros_ws/src/more_interfaces/install/more_interfaces/local/lib/python3.10/dist-packages/more_interfaces-0.0.0-py3.10.egg-info/top_level.txt
[4.242s] -- Installing: /home/alex/Documents/ros_ws/src/more_interfaces/install/more_interfaces/local/lib/python3.10/dist-packages/more_interfaces-0.0.0-py3.10.egg-info/dependency_links.txt
[4.243s] -- Installing: /home/alex/Documents/ros_ws/src/more_interfaces/install/more_interfaces/local/lib/python3.10/dist-packages/more_interfaces-0.0.0-py3.10.egg-info/PKG-INFO
[4.243s] -- Installing: /home/alex/Documents/ros_ws/src/more_interfaces/install/more_interfaces/local/lib/python3.10/dist-packages/more_interfaces
[4.243s] -- Installing: /home/alex/Documents/ros_ws/src/more_interfaces/install/more_interfaces/local/lib/python3.10/dist-packages/more_interfaces/_more_interfaces_s.ep.rosidl_typesupport_fastrtps_c.c
[4.243s] -- Installing: /home/alex/Documents/ros_ws/src/more_interfaces/install/more_interfaces/local/lib/python3.10/dist-packages/more_interfaces/more_interfaces_s__rosidl_typesupport_introspection_c.cpython-310-x86_64-linux-gnu.so
[4.243s] -- Installing: /home/alex/Documents/ros_ws/src/more_interfaces/install/more_interfaces/local/lib/python3.10/dist-packages/more_interfaces/libmore_interfaces__rosidl_generator_py.so
[4.243s] -- Installing: /home/alex/Documents/ros_ws/src/more_interfaces/install/more_interfaces/local/lib/python3.10/dist-packages/more_interfaces/more_interfaces_s__rosidl_typesupport_fastrtps_c.cpython-310-x86_64-linux-gnu.so
[4.244s] -- Installing: /home/alex/Documents/ros_ws/src/more_interfaces/install/more_interfaces/local/lib/python3.10/dist-packages/more_interfaces/_more_interfaces_s.ep.rosidl_typesupport_c.c
[4.244s] -- Installing: /home/alex/Documents/ros_ws/src/more_interfaces/install/more_interfaces/local/lib/python3.10/dist-packages/more_interfaces/__init__.py
[4.244s] -- Installing: /home/alex/Documents/ros_ws/src/more_interfaces/install/more_interfaces/local/lib/python3.10/dist-packages/more_interfaces/more_interfaces_s__rosidl_typesupport_c.cpython-310-x86_64-linux-gnu.so
[4.244s] -- Installing: /home/alex/Documents/ros_ws/src/more_interfaces/install/more_interfaces/local/lib/python3.10/dist-packages/more_interfaces/_more_interfaces_s.ep.rosidl_typesupport_introspection_c.c
[4.244s] -- Installing: /home/alex/Documents/ros_ws/src/more_interfaces/install/more_interfaces/local/lib/python3.10/dist-packages/more_interfaces/msg
[4.245s] -- Installing: /home/alex/Documents/ros_ws/src/more_interfaces/install/more_interfaces/local/lib/python3.10/dist-packages/more_interfaces/msg/_address_book_s.c
[4.245s] -- Installing: /home/alex/Documents/ros_ws/src/more_interfaces/install/more_interfaces/local/lib/python3.10/dist-packages/more_interfaces/msg/_address_book.py
[4.245s] -- Installing: /home/alex/Documents/ros_ws/src/more_interfaces/install/more_interfaces/local/lib/python3.10/dist-packages/more_interfaces/msg/__init__.py
[4.317s] Listing '/home/alex/Documents/ros_ws/src/more_interfaces/install/more_interfaces/local/lib/python3.10/dist-packages/more_interfaces'...
[4.317s] Compiling '/home/alex/Documents/ros_ws/src/more_interfaces/install/more_interfaces/local/lib/python3.10/dist-packages/more_interfaces/__init__.py'...
[4.318s] Listing '/home/alex/Documents/ros_ws/src/more_interfaces/install/more_interfaces/local/lib/python3.10/dist-packages/more_interfaces/msg'...
[4.318s] Compiling '/home/alex/Documents/ros_ws/src/more_interfaces/install/more_interfaces/local/lib/python3.10/dist-packages/more_interfaces/msg/__init__.py'...
[4.318s] Compiling '/home/alex/Documents/ros_ws/src/more_interfaces/install/more_interfaces/local/lib/python3.10/dist-packages/more_interfaces/msg/_address_book.py'...
[4.325s] -- Installing: /home/alex/Documents/ros_ws/src/more_interfaces/install/more_interfaces/local/lib/python3.10/dist-packages/more_interfaces/more_interfaces_s__rosidl_typesupport_fastrtps_c.cpython-310-x86_64-linux-gnu.so
[4.326s] -- Set runtime path of "/home/alex/Documents/ros_ws/src/more_interfaces/install/more_interfaces/local/lib/python3.10/dist-packages/more_interfaces/more_interfaces_s__rosidl_typesupport_fastrtps_c.cpython-310-x86_64-linux-gnu.so" to ""
[4.326s] -- Installing: /home/alex/Documents/ros_ws/src/more_interfaces/install/more_interfaces/local/lib/python3.10/dist-packages/more_interfaces/more_interfaces_s__rosidl_typesupport_introspection_c.cpython-310-x86_64-linux-gnu.so
[4.327s] -- Set runtime path of "/home/alex/Documents/ros_ws/src/more_interfaces/install/more_interfaces/local/lib/python3.10/dist-packages/more_interfaces/more_interfaces_s__rosidl_typesupport_introspection_c.cpython-310-x86_64-linux-gnu.so" to ""
[4.327s] -- Installing: /home/alex/Documents/ros_ws/src/more_interfaces/install/more_interfaces/local/lib/python3.10/dist-packages/more_interfaces/more_interfaces_s__rosidl_typesupport_c.cpython-310-x86_64-linux-gnu.so
[4.330s] -- Set runtime path of "/home/alex/Documents/ros_ws/src/more_interfaces/install/more_interfaces/local/lib/python3.10/dist-packages/more_interfaces/more_interfaces_s__rosidl_typesupport_c.cpython-310-x86_64-linux-gnu.so" to ""
[4.330s] -- Installing: /home/alex/Documents/ros_ws/src/more_interfaces/install/more_interfaces/lib/libmore_interfaces__rosidl_generator_py.so
[4.330s] -- Set runtime path of "/home/alex/Documents/ros_ws/src/more_interfaces/install/more_interfaces/lib/libmore_interfaces__rosidl_generator_py.so" to ""
[4.330s] -- Installing: /home/alex/Documents/ros_ws/src/more_interfaces/install/more_interfaces/share/more_interfaces/msg/AddressBook.idl
[4.331s] -- Installing: /home/alex/Documents/ros_ws/src/more_interfaces/install/more_interfaces/share/more_interfaces/msg/AddressBook.msg
[4.331s] -- Installing: /home/alex/Documents/ros_ws/src/more_interfaces/install/more_interfaces/lib/more_interfaces/publish_address_book
[4.332s] -- Set runtime path of "/home/alex/Documents/ros_ws/src/more_interfaces/install/more_interfaces/lib/more_interfaces/publish_address_book" to ""
[4.333s] -- Installing: /home/alex/Documents/ros_ws/src/more_interfaces/install/more_interfaces/share/ament_index/resource_index/package_run_dependencies/more_interfaces
[4.333s] -- Installing: /home/alex/Documents/ros_ws/src/more_interfaces/install/more_interfaces/share/ament_index/resource_index/parent_prefix_path/more_interfaces
[4.333s] -- Installing: /home/alex/Documents/ros_ws/src/more_interfaces/install/more_interfaces/share/more_interfaces/environment/ament_prefix_path.sh
[4.333s] -- Installing: /home/alex/Documents/ros_ws/src/more_interfaces/install/more_interfaces/share/more_interfaces/environment/ament_prefix_path.dsv
[4.334s] -- Installing: /home/alex/Documents/ros_ws/src/more_interfaces/install/more_interfaces/share/more_interfaces/environment/path.sh
[4.334s] -- Installing: /home/alex/Documents/ros_ws/src/more_interfaces/install/more_interfaces/share/more_interfaces/environment/path.dsv
[4.334s] -- Installing: /home/alex/Documents/ros_ws/src/more_interfaces/install/more_interfaces/share/more_interfaces/local_setup.bash
[4.334s] -- Installing: /home/alex/Documents/ros_ws/src/more_interfaces/install/more_interfaces/share/more_interfaces/local_setup.sh
[4.335s] -- Installing: /home/alex/Documents/ros_ws/src/more_interfaces/install/more_interfaces/share/more_interfaces/local_setup.zsh
[4.335s] -- Installing: /home/alex/Documents/ros_ws/src/more_interfaces/install/more_interfaces/share/more_interfaces/local_setup.dsv
[4.335s] -- Installing: /home/alex/Documents/ros_ws/src/more_interfaces/install/more_interfaces/share/more_interfaces/package.dsv
[4.335s] -- Installing: /home/alex/Documents/ros_ws/src/more_interfaces/install/more_interfaces/share/ament_index/resource_index/packages/more_interfaces
[4.335s] -- Installing: /home/alex/Documents/ros_ws/src/more_interfaces/install/more_interfaces/share/more_interfaces/cmake/export_more_interfaces__rosidl_generator_cExport.cmake
[4.335s] -- Installing: /home/alex/Documents/ros_ws/src/more_interfaces/install/more_interfaces/share/more_interfaces/cmake/export_more_interfaces__rosidl_generator_cExport-noconfig.cmake
[4.335s] -- Installing: /home/alex/Documents/ros_ws/src/more_interfaces/install/more_interfaces/share/more_interfaces/cmake/export_more_interfaces__rosidl_typesupport_fastrtps_cExport.cmake
[4.335s] -- Installing: /home/alex/Documents/ros_ws/src/more_interfaces/install/more_interfaces/share/more_interfaces/cmake/export_more_interfaces__rosidl_typesupport_fastrtps_cExport-noconfig.cmake
[4.335s] -- Installing: /home/alex/Documents/ros_ws/src/more_interfaces/install/more_interfaces/share/more_interfaces/cmake/more_interfaces__rosidl_typesupport_introspection_cExport.cmake
[4.335s] -- Installing: /home/alex/Documents/ros_ws/src/more_interfaces/install/more_interfaces/share/more_interfaces/cmake/more_interfaces__rosidl_typesupport_introspection_cExport-noconfig.cmake
[4.335s] -- Installing: /home/alex/Documents/ros_ws/src/more_interfaces/install/more_interfaces/share/more_interfaces/cmake/more_interfaces__rosidl_typesupport_cExport.cmake
[4.336s] -- Installing: /home/alex/Documents/ros_ws/src/more_interfaces/install/more_interfaces/share/more_interfaces/cmake/more_interfaces__rosidl_typesupport_cExport-noconfig.cmake
[4.336s] -- Installing: /home/alex/Documents/ros_ws/src/more_interfaces/install/more_interfaces/share/more_interfaces/cmake/export_more_interfaces__rosidl_generator_cppExport.cmake
[4.336s] -- Installing: /home/alex/Documents/ros_ws/src/more_interfaces/install/more_interfaces/share/more_interfaces/cmake/export_more_interfaces__rosidl_typesupport_fastrtps_cppExport.cmake
[4.336s] -- Installing: /home/alex/Documents/ros_ws/src/more_interfaces/install/more_interfaces/share/more_interfaces/cmake/export_more_interfaces__rosidl_typesupport_fastrtps_cppExport-noconfig.cmake
[4.338s] -- Installing: /home/alex/Documents/ros_ws/src/more_interfaces/install/more_interfaces/share/more_interfaces/cmake/more_interfaces__rosidl_typesupport_introspection_cppExport.cmake
[4.338s] -- Installing: /home/alex/Documents/ros_ws/src/more_interfaces/install/more_interfaces/share/more_interfaces/cmake/more_interfaces__rosidl_typesupport_introspection_cppExport-noconfig.cmake
[4.338s] -- Installing: /home/alex/Documents/ros_ws/src/more_interfaces/install/more_interfaces/share/more_interfaces/cmake/more_interfaces__rosidl_typesupport_cppExport.cmake
[4.338s] -- Installing: /home/alex/Documents/ros_ws/src/more_interfaces/install/more_interfaces/share/more_interfaces/cmake/more_interfaces__rosidl_typesupport_cppExport-noconfig.cmake
[4.338s] -- Installing: /home/alex/Documents/ros_ws/src/more_interfaces/install/more_interfaces/share/more_interfaces/cmake/export_more_interfaces__rosidl_generator_pyExport.cmake
[4.338s] -- Installing: /home/alex/Documents/ros_ws/src/more_interfaces/install/more_interfaces/share/more_interfaces/cmake/export_more_interfaces__rosidl_generator_pyExport-noconfig.cmake
[4.338s] -- Installing: /home/alex/Documents/ros_ws/src/more_interfaces/install/more_interfaces/share/more_interfaces/cmake/rosidl_cmake-extras.cmake
[4.338s] -- Installing: /home/alex/Documents/ros_ws/src/more_interfaces/install/more_interfaces/share/more_interfaces/cmake/ament_cmake_export_include_directories-extras.cmake
[4.338s] -- Installing: /home/alex/Documents/ros_ws/src/more_interfaces/install/more_interfaces/share/more_interfaces/cmake/ament_cmake_export_libraries-extras.cmake
[4.338s] -- Installing: /home/alex/Documents/ros_ws/src/more_interfaces/install/more_interfaces/share/more_interfaces/cmake/ament_cmake_export_targets-extras.cmake
[4.338s] -- Installing: /home/alex/Documents/ros_ws/src/more_interfaces/install/more_interfaces/share/more_interfaces/cmake/rosidl_cmake_export_typesupport_targets-extras.cmake
[4.338s] -- Installing: /home/alex/Documents/ros_ws/src/more_interfaces/install/more_interfaces/share/more_interfaces/cmake/ament_cmake_export_dependencies-extras.cmake
[4.338s] -- Installing: /home/alex/Documents/ros_ws/src/more_interfaces/install/more_interfaces/share/more_interfaces/cmake/rosidl_cmake_export_typesupport_libraries-extras.cmake
[4.338s] -- Installing: /home/alex/Documents/ros_ws/src/more_interfaces/install/more_interfaces/share/more_interfaces/cmake/more_interfacesConfig.cmake
[4.338s] -- Installing: /home/alex/Documents/ros_ws/src/more_interfaces/install/more_interfaces/share/more_interfaces/cmake/more_interfacesConfig-version.cmake
[4.339s] -- Installing: /home/alex/Documents/ros_ws/src/more_interfaces/install/more_interfaces/share/more_interfaces/package.xml
[4.341s] Invoked command in '/home/alex/Documents/ros_ws/src/more_interfaces/build/more_interfaces' returned '0': CMAKE_PREFIX_PATH=/opt/ros/humble /usr/bin/cmake --install /home/alex/Documents/ros_ws/src/more_interfaces/build/more_interfaces
