[01m[K/home/alex/Documents/ros_ws/src/more_interfaces/src/publish_address_book.cpp:27:87:[m[K [01;35m[Kwarning: [m[Kmissing terminating " character
   27 |                         RCLCPP_INFO(rclcpp::get_logger("rclcpp), "Publishing Contact\n[01;35m[K"[m[K);
      |                                                                                       [01;35m[K^[m[K
[01m[K/home/alex/Documents/ros_ws/src/more_interfaces/src/publish_address_book.cpp:46:2:[m[K [01;31m[Kerror: [m[Kunterminated argument list invoking macro "RCLCPP_INFO"
   46 | }
      |  [01;31m[K^[m[K
[01m[K/home/alex/Documents/ros_ws/src/more_interfaces/src/publish_address_book.cpp:27:36:[m[K [01;31m[Kerror: [m[Kexpected ‘[01m[K}[m[K’ at end of input
   27 |                         RCLCPP_INFO[01;31m[K([m[Krclcpp::get_logger("rclcpp), "Publishing Contact\n");
      |                                    [01;31m[K^[m[K
[01m[K/home/alex/Documents/ros_ws/src/more_interfaces/src/publish_address_book.cpp:10:1:[m[K [01;36m[Knote: [m[Kto match this ‘[01m[K{[m[K’
   10 | [01;36m[K{[m[K
      | [01;36m[K^[m[K
[01m[K/home/alex/Documents/ros_ws/src/more_interfaces/src/publish_address_book.cpp:[m[K In constructor ‘[01m[KAddressBookPublisher::AddressBookPublisher()[m[K’:
[01m[K/home/alex/Documents/ros_ws/src/more_interfaces/src/publish_address_book.cpp:16:17:[m[K [01;31m[Kerror: [m[K‘[01m[Kaddress_book_publisher_[m[K’ was not declared in this scope; did you mean ‘[01m[KAddressBookPublisher[m[K’?
   16 |                 [01;31m[Kaddress_book_publisher_[m[K =
      |                 [01;31m[K^~~~~~~~~~~~~~~~~~~~~~~[m[K
      |                 [32m[KAddressBookPublisher[m[K
[01m[K/home/alex/Documents/ros_ws/src/more_interfaces/src/publish_address_book.cpp:[m[K In lambda function:
[01m[K/home/alex/Documents/ros_ws/src/more_interfaces/src/publish_address_book.cpp:27:25:[m[K [01;31m[Kerror: [m[K‘[01m[KRCLCPP_INFO[m[K’ was not declared in this scope
   27 |                         [01;31m[KRCLCPP_INFO[m[K(rclcpp::get_logger("rclcpp), "Publishing Contact\n");
      |                         [01;31m[K^~~~~~~~~~~[m[K
[01m[K/home/alex/Documents/ros_ws/src/more_interfaces/src/publish_address_book.cpp:27:36:[m[K [01;31m[Kerror: [m[Kexpected ‘[01m[K}[m[K’ at end of input
   27 |                         RCLCPP_INFO[01;31m[K([m[Krclcpp::get_logger("rclcpp), "Publishing Contact\n");
      |                                    [01;31m[K^[m[K
[01m[K/home/alex/Documents/ros_ws/src/more_interfaces/src/publish_address_book.cpp:19:53:[m[K [01;36m[Knote: [m[Kto match this ‘[01m[K{[m[K’
   19 |                 auto publish_msg = [this]() -> void [01;36m[K{[m[K
      |                                                     [01;36m[K^[m[K
[01m[K/home/alex/Documents/ros_ws/src/more_interfaces/src/publish_address_book.cpp:[m[K In constructor ‘[01m[KAddressBookPublisher::AddressBookPublisher()[m[K’:
[01m[K/home/alex/Documents/ros_ws/src/more_interfaces/src/publish_address_book.cpp:27:36:[m[K [01;31m[Kerror: [m[Kexpected ‘[01m[K,[m[K’ or ‘[01m[K;[m[K’ at end of input
   27 |                         RCLCPP_INFO[01;31m[K([m[Krclcpp::get_logger("rclcpp), "Publishing Contact\n");
      |                                    [01;31m[K^[m[K
[01m[K/home/alex/Documents/ros_ws/src/more_interfaces/src/publish_address_book.cpp:27:36:[m[K [01;31m[Kerror: [m[Kexpected ‘[01m[K}[m[K’ at end of input
[01m[K/home/alex/Documents/ros_ws/src/more_interfaces/src/publish_address_book.cpp:15:9:[m[K [01;36m[Knote: [m[Kto match this ‘[01m[K{[m[K’
   15 |         [01;36m[K{[m[K
      |         [01;36m[K^[m[K
[01m[K/home/alex/Documents/ros_ws/src/more_interfaces/src/publish_address_book.cpp:[m[K At global scope:
[01m[K/home/alex/Documents/ros_ws/src/more_interfaces/src/publish_address_book.cpp:27:36:[m[K [01;31m[Kerror: [m[Kexpected unqualified-id at end of input
   27 |                         RCLCPP_INFO[01;31m[K([m[Krclcpp::get_logger("rclcpp), "Publishing Contact\n");
      |                                    [01;31m[K^[m[K
gmake[2]: *** [CMakeFiles/publish_address_book.dir/build.make:76: CMakeFiles/publish_address_book.dir/src/publish_address_book.cpp.o] Error 1
gmake[1]: *** [CMakeFiles/Makefile2:593: CMakeFiles/publish_address_book.dir/all] Error 2
gmake: *** [Makefile:146: all] Error 2
