[0.060s] Invoking command in '/home/alex/Documents/ros_ws/src/more_interfaces/build/more_interfaces': CMAKE_PREFIX_PATH=/opt/ros/humble /usr/bin/cmake /home/alex/Documents/ros_ws/src/more_interfaces -DCMAKE_INSTALL_PREFIX=/home/alex/Documents/ros_ws/src/more_interfaces/install/more_interfaces
[0.078s] -- Found ament_cmake: 1.3.5 (/opt/ros/humble/share/ament_cmake/cmake)
[0.264s] -- Found rosidl_default_generators: 1.2.0 (/opt/ros/humble/share/rosidl_default_generators/cmake)
[0.264s] -- Using all available rosidl_typesupport_c: rosidl_typesupport_fastrtps_c;rosidl_typesupport_introspection_c
[0.277s] -- Found rosidl_adapter: 3.1.5 (/opt/ros/humble/share/rosidl_adapter/cmake)
[0.325s] -- Using all available rosidl_typesupport_cpp: rosidl_typesupport_fastrtps_cpp;rosidl_typesupport_introspection_cpp
[0.348s] -- Found rclcpp: 16.0.5 (/opt/ros/humble/share/rclcpp/cmake)
[0.397s] -- Found rmw_implementation_cmake: 6.1.1 (/opt/ros/humble/share/rmw_implementation_cmake/cmake)
[0.398s] -- Found rmw_fastrtps_cpp: 6.2.3 (/opt/ros/humble/share/rmw_fastrtps_cpp/cmake)
[0.570s] -- Found OpenSSL: /usr/lib/x86_64-linux-gnu/libcrypto.so (found version "3.0.2")  
[0.586s] -- Found FastRTPS: /opt/ros/humble/include  
[0.616s] -- Using RMW implementation 'rmw_fastrtps_cpp' as default
[0.621s] -- Looking for pthread.h
[0.751s] -- Looking for pthread.h - found
[0.751s] -- Performing Test CMAKE_HAVE_LIBC_PTHREAD
[0.816s] -- Performing Test CMAKE_HAVE_LIBC_PTHREAD - Success
[0.816s] -- Found Threads: TRUE  
[0.942s] -- Found ament_lint_auto: 0.12.7 (/opt/ros/humble/share/ament_lint_auto/cmake)
[1.189s] -- Found ament_cmake_ros: 0.10.0 (/opt/ros/humble/share/ament_cmake_ros/cmake)
[1.543s] -- Using all available rosidl_typesupport_c: rosidl_typesupport_fastrtps_c;rosidl_typesupport_introspection_c
[1.907s] -- Using all available rosidl_typesupport_cpp: rosidl_typesupport_fastrtps_cpp;rosidl_typesupport_introspection_cpp
[1.925s] -- Found python_cmake_module: 0.10.0 (/opt/ros/humble/share/python_cmake_module/cmake)
[1.946s] -- Using PYTHON_EXECUTABLE: /usr/bin/python3
[1.947s] -- Using PYTHON_INCLUDE_DIRS: /usr/include/python3.10
[1.947s] -- Using PYTHON_LIBRARIES: /usr/lib/x86_64-linux-gnu/libpython3.10.so
[1.966s] -- Added test 'cppcheck' to perform static code analysis on C / C++ code
[1.967s] -- Configured cppcheck include dirs: $<BUILD_INTERFACE:/home/alex/Documents/ros_ws/src/more_interfaces/build/more_interfaces/rosidl_generator_c>;$<BUILD_INTERFACE:/home/alex/Documents/ros_ws/src/more_interfaces/build/more_interfaces/rosidl_typesupport_fastrtps_c>;$<BUILD_INTERFACE:/home/alex/Documents/ros_ws/src/more_interfaces/build/more_interfaces/rosidl_typesupport_introspection_c>;$<BUILD_INTERFACE:/home/alex/Documents/ros_ws/src/more_interfaces/build/more_interfaces/rosidl_generator_cpp>;$<BUILD_INTERFACE:/home/alex/Documents/ros_ws/src/more_interfaces/build/more_interfaces/rosidl_typesupport_fastrtps_cpp>;$<BUILD_INTERFACE:/home/alex/Documents/ros_ws/src/more_interfaces/build/more_interfaces/rosidl_typesupport_introspection_cpp>;/home/alex/Documents/ros_ws/src/more_interfaces/build/more_interfaces/rosidl_generator_c;/home/alex/Documents/ros_ws/src/more_interfaces/build/more_interfaces/rosidl_generator_py
[1.967s] -- Configured cppcheck exclude dirs and/or files: 
[1.968s] -- Added test 'flake8' to check Python code syntax and style conventions
[1.971s] -- Added test 'lint_cmake' to check CMake code style
[1.972s] -- Added test 'pep257' to check Python code against some of the docstring style conventions in PEP 257
[1.982s] -- Added test 'uncrustify' to check C / C++ code style
[1.982s] -- Configured uncrustify additional arguments: 
[1.983s] -- Added test 'xmllint' to check XML markup files
[2.000s] -- Configuring done
[2.045s] -- Generating done
[2.046s] -- Build files have been written to: /home/alex/Documents/ros_ws/src/more_interfaces/build/more_interfaces
[2.054s] Invoked command in '/home/alex/Documents/ros_ws/src/more_interfaces/build/more_interfaces' returned '0': CMAKE_PREFIX_PATH=/opt/ros/humble /usr/bin/cmake /home/alex/Documents/ros_ws/src/more_interfaces -DCMAKE_INSTALL_PREFIX=/home/alex/Documents/ros_ws/src/more_interfaces/install/more_interfaces
[2.055s] Invoking command in '/home/alex/Documents/ros_ws/src/more_interfaces/build/more_interfaces': CMAKE_PREFIX_PATH=/opt/ros/humble /usr/bin/cmake --build /home/alex/Documents/ros_ws/src/more_interfaces/build/more_interfaces -- -j2 -l2
[2.107s] [  3%] [34m[1mGenerating C code for ROS interfaces[0m
[2.121s] [  6%] [34m[1mGenerating C++ code for ROS interfaces[0m
[2.446s] [  6%] Built target more_interfaces__cpp
[2.453s] [  9%] [32mBuilding C object CMakeFiles/more_interfaces__rosidl_generator_c.dir/rosidl_generator_c/more_interfaces/msg/detail/address_book__functions.c.o[0m
[2.476s] [  9%] Built target ament_cmake_python_copy_more_interfaces
[2.529s] [ 12%] [34m[1mGenerating C++ type support dispatch for ROS interfaces[0m
[2.577s] [ 15%] [32m[1mLinking C shared library libmore_interfaces__rosidl_generator_c.so[0m
[2.655s] [ 15%] Built target more_interfaces__rosidl_generator_c
[2.677s] [ 18%] [34m[1mGenerating C++ type support for eProsima Fast-RTPS[0m
[2.787s] [ 21%] [32mBuilding CXX object CMakeFiles/more_interfaces__rosidl_typesupport_cpp.dir/rosidl_typesupport_cpp/more_interfaces/msg/address_book__type_support.cpp.o[0m
[2.930s] [ 24%] [32mBuilding CXX object CMakeFiles/more_interfaces__rosidl_typesupport_fastrtps_cpp.dir/rosidl_typesupport_fastrtps_cpp/more_interfaces/msg/detail/dds_fastrtps/address_book__type_support.cpp.o[0m
[3.030s] [ 27%] [32m[1mLinking CXX shared library libmore_interfaces__rosidl_typesupport_cpp.so[0m
[3.095s] [ 27%] Built target more_interfaces__rosidl_typesupport_cpp
[3.109s] [ 30%] [34m[1mGenerating C++ introspection for ROS interfaces[0m
[3.355s] [ 33%] [32m[1mLinking CXX shared library libmore_interfaces__rosidl_typesupport_fastrtps_cpp.so[0m
[3.424s] [ 36%] [32mBuilding CXX object CMakeFiles/more_interfaces__rosidl_typesupport_introspection_cpp.dir/rosidl_typesupport_introspection_cpp/more_interfaces/msg/detail/address_book__type_support.cpp.o[0m
[3.461s] [ 36%] Built target more_interfaces__rosidl_typesupport_fastrtps_cpp
[3.680s] running egg_info
[3.681s] creating more_interfaces.egg-info
[3.681s] writing more_interfaces.egg-info/PKG-INFO
[3.681s] writing dependency_links to more_interfaces.egg-info/dependency_links.txt
[3.682s] writing top-level names to more_interfaces.egg-info/top_level.txt
[3.682s] writing manifest file 'more_interfaces.egg-info/SOURCES.txt'
[3.685s] reading manifest file 'more_interfaces.egg-info/SOURCES.txt'
[3.685s] writing manifest file 'more_interfaces.egg-info/SOURCES.txt'
[3.709s] [ 36%] Built target ament_cmake_python_build_more_interfaces_egg
[3.744s] [ 39%] [32m[1mLinking CXX shared library libmore_interfaces__rosidl_typesupport_introspection_cpp.so[0m
[3.744s] [ 42%] [32mBuilding CXX object CMakeFiles/publish_address_book.dir/src/publish_address_book.cpp.o[0m
[3.793s] [ 42%] Built target more_interfaces__rosidl_typesupport_introspection_cpp
[3.803s] [ 45%] [34m[1mGenerating C type support for eProsima Fast-RTPS[0m
[3.965s] [01m[K/home/alex/Documents/ros_ws/src/more_interfaces/src/publish_address_book.cpp:27:87:[m[K [01;35m[Kwarning: [m[Kmissing terminating " character
[3.965s]    27 |                         RCLCPP_INFO(rclcpp::get_logger("rclcpp), "Publishing Contact\n[01;35m[K"[m[K);
[3.965s]       |                                                                                       [01;35m[K^[m[K
[3.965s] [01m[K/home/alex/Documents/ros_ws/src/more_interfaces/src/publish_address_book.cpp:46:2:[m[K [01;31m[Kerror: [m[Kunterminated argument list invoking macro "RCLCPP_INFO"
[3.965s]    46 | }
[3.965s]       |  [01;31m[K^[m[K
[4.007s] [ 48%] [32mBuilding CXX object CMakeFiles/more_interfaces__rosidl_typesupport_fastrtps_c.dir/rosidl_typesupport_fastrtps_c/more_interfaces/msg/detail/address_book__type_support_c.cpp.o[0m
[4.296s] [ 51%] [32m[1mLinking CXX shared library libmore_interfaces__rosidl_typesupport_fastrtps_c.so[0m
[4.373s] [ 51%] Built target more_interfaces__rosidl_typesupport_fastrtps_c
[4.383s] [ 54%] [34m[1mGenerating C introspection for ROS interfaces[0m
[4.606s] [ 57%] [32mBuilding C object CMakeFiles/more_interfaces__rosidl_typesupport_introspection_c.dir/rosidl_typesupport_introspection_c/more_interfaces/msg/detail/address_book__type_support.c.o[0m
[4.648s] [ 60%] [32m[1mLinking C shared library libmore_interfaces__rosidl_typesupport_introspection_c.so[0m
[4.685s] [ 60%] Built target more_interfaces__rosidl_typesupport_introspection_c
[4.695s] [ 63%] [34m[1mGenerating C type support dispatch for ROS interfaces[0m
[4.874s] [ 66%] [32mBuilding CXX object CMakeFiles/more_interfaces__rosidl_typesupport_c.dir/rosidl_typesupport_c/more_interfaces/msg/address_book__type_support.cpp.o[0m
[4.910s] [ 69%] [32m[1mLinking CXX shared library libmore_interfaces__rosidl_typesupport_c.so[0m
[4.960s] [ 69%] Built target more_interfaces__rosidl_typesupport_c
[4.988s] [ 69%] Built target more_interfaces
[5.017s] [ 72%] [34m[1mGenerating Python code for ROS interfaces[0m
[5.370s] [ 72%] Built target more_interfaces__py
[5.391s] [ 75%] [32mBuilding C object CMakeFiles/more_interfaces__rosidl_generator_py.dir/rosidl_generator_py/more_interfaces/msg/_address_book_s.c.o[0m
[5.570s] [ 78%] [32m[1mLinking C shared library rosidl_generator_py/more_interfaces/libmore_interfaces__rosidl_generator_py.so[0m
[5.625s] [ 78%] Built target more_interfaces__rosidl_generator_py
[5.647s] [ 81%] [32mBuilding C object CMakeFiles/more_interfaces__rosidl_typesupport_fastrtps_c__pyext.dir/rosidl_generator_py/more_interfaces/_more_interfaces_s.ep.rosidl_typesupport_fastrtps_c.c.o[0m
[5.718s] [ 84%] [32m[1mLinking C shared library rosidl_generator_py/more_interfaces/more_interfaces_s__rosidl_typesupport_fastrtps_c.cpython-310-x86_64-linux-gnu.so[0m
[5.752s] [ 84%] Built target more_interfaces__rosidl_typesupport_fastrtps_c__pyext
[5.777s] [ 87%] [32mBuilding C object CMakeFiles/more_interfaces__rosidl_typesupport_introspection_c__pyext.dir/rosidl_generator_py/more_interfaces/_more_interfaces_s.ep.rosidl_typesupport_introspection_c.c.o[0m
[5.847s] [ 90%] [32m[1mLinking C shared library rosidl_generator_py/more_interfaces/more_interfaces_s__rosidl_typesupport_introspection_c.cpython-310-x86_64-linux-gnu.so[0m
[5.884s] [ 90%] Built target more_interfaces__rosidl_typesupport_introspection_c__pyext
[5.909s] [ 93%] [32mBuilding C object CMakeFiles/more_interfaces__rosidl_typesupport_c__pyext.dir/rosidl_generator_py/more_interfaces/_more_interfaces_s.ep.rosidl_typesupport_c.c.o[0m
[5.996s] [ 96%] [32m[1mLinking C shared library rosidl_generator_py/more_interfaces/more_interfaces_s__rosidl_typesupport_c.cpython-310-x86_64-linux-gnu.so[0m
[6.000s] [01m[K/home/alex/Documents/ros_ws/src/more_interfaces/src/publish_address_book.cpp:27:36:[m[K [01;31m[Kerror: [m[Kexpected ‘[01m[K}[m[K’ at end of input
[6.001s]    27 |                         RCLCPP_INFO[01;31m[K([m[Krclcpp::get_logger("rclcpp), "Publishing Contact\n");
[6.001s]       |                                    [01;31m[K^[m[K
[6.001s] [01m[K/home/alex/Documents/ros_ws/src/more_interfaces/src/publish_address_book.cpp:10:1:[m[K [01;36m[Knote: [m[Kto match this ‘[01m[K{[m[K’
[6.001s]    10 | [01;36m[K{[m[K
[6.001s]       | [01;36m[K^[m[K
[6.006s] [01m[K/home/alex/Documents/ros_ws/src/more_interfaces/src/publish_address_book.cpp:[m[K In constructor ‘[01m[KAddressBookPublisher::AddressBookPublisher()[m[K’:
[6.006s] [01m[K/home/alex/Documents/ros_ws/src/more_interfaces/src/publish_address_book.cpp:16:17:[m[K [01;31m[Kerror: [m[K‘[01m[Kaddress_book_publisher_[m[K’ was not declared in this scope; did you mean ‘[01m[KAddressBookPublisher[m[K’?
[6.006s]    16 |                 [01;31m[Kaddress_book_publisher_[m[K =
[6.006s]       |                 [01;31m[K^~~~~~~~~~~~~~~~~~~~~~~[m[K
[6.006s]       |                 [32m[KAddressBookPublisher[m[K
[6.014s] [01m[K/home/alex/Documents/ros_ws/src/more_interfaces/src/publish_address_book.cpp:[m[K In lambda function:
[6.014s] [01m[K/home/alex/Documents/ros_ws/src/more_interfaces/src/publish_address_book.cpp:27:25:[m[K [01;31m[Kerror: [m[K‘[01m[KRCLCPP_INFO[m[K’ was not declared in this scope
[6.014s]    27 |                         [01;31m[KRCLCPP_INFO[m[K(rclcpp::get_logger("rclcpp), "Publishing Contact\n");
[6.015s]       |                         [01;31m[K^~~~~~~~~~~[m[K
[6.015s] [01m[K/home/alex/Documents/ros_ws/src/more_interfaces/src/publish_address_book.cpp:27:36:[m[K [01;31m[Kerror: [m[Kexpected ‘[01m[K}[m[K’ at end of input
[6.015s]    27 |                         RCLCPP_INFO[01;31m[K([m[Krclcpp::get_logger("rclcpp), "Publishing Contact\n");
[6.015s]       |                                    [01;31m[K^[m[K
[6.015s] [01m[K/home/alex/Documents/ros_ws/src/more_interfaces/src/publish_address_book.cpp:19:53:[m[K [01;36m[Knote: [m[Kto match this ‘[01m[K{[m[K’
[6.015s]    19 |                 auto publish_msg = [this]() -> void [01;36m[K{[m[K
[6.015s]       |                                                     [01;36m[K^[m[K
[6.015s] [01m[K/home/alex/Documents/ros_ws/src/more_interfaces/src/publish_address_book.cpp:[m[K In constructor ‘[01m[KAddressBookPublisher::AddressBookPublisher()[m[K’:
[6.015s] [01m[K/home/alex/Documents/ros_ws/src/more_interfaces/src/publish_address_book.cpp:27:36:[m[K [01;31m[Kerror: [m[Kexpected ‘[01m[K,[m[K’ or ‘[01m[K;[m[K’ at end of input
[6.015s]    27 |                         RCLCPP_INFO[01;31m[K([m[Krclcpp::get_logger("rclcpp), "Publishing Contact\n");
[6.015s]       |                                    [01;31m[K^[m[K
[6.015s] [01m[K/home/alex/Documents/ros_ws/src/more_interfaces/src/publish_address_book.cpp:27:36:[m[K [01;31m[Kerror: [m[Kexpected ‘[01m[K}[m[K’ at end of input
[6.015s] [01m[K/home/alex/Documents/ros_ws/src/more_interfaces/src/publish_address_book.cpp:15:9:[m[K [01;36m[Knote: [m[Kto match this ‘[01m[K{[m[K’
[6.015s]    15 |         [01;36m[K{[m[K
[6.015s]       |         [01;36m[K^[m[K
[6.016s] [01m[K/home/alex/Documents/ros_ws/src/more_interfaces/src/publish_address_book.cpp:[m[K At global scope:
[6.016s] [01m[K/home/alex/Documents/ros_ws/src/more_interfaces/src/publish_address_book.cpp:27:36:[m[K [01;31m[Kerror: [m[Kexpected unqualified-id at end of input
[6.016s]    27 |                         RCLCPP_INFO[01;31m[K([m[Krclcpp::get_logger("rclcpp), "Publishing Contact\n");
[6.016s]       |                                    [01;31m[K^[m[K
[6.027s] [ 96%] Built target more_interfaces__rosidl_typesupport_c__pyext
[6.442s] gmake[2]: *** [CMakeFiles/publish_address_book.dir/build.make:76: CMakeFiles/publish_address_book.dir/src/publish_address_book.cpp.o] Error 1
[6.442s] gmake[1]: *** [CMakeFiles/Makefile2:593: CMakeFiles/publish_address_book.dir/all] Error 2
[6.442s] gmake: *** [Makefile:146: all] Error 2
[6.449s] Invoked command in '/home/alex/Documents/ros_ws/src/more_interfaces/build/more_interfaces' returned '2': CMAKE_PREFIX_PATH=/opt/ros/humble /usr/bin/cmake --build /home/alex/Documents/ros_ws/src/more_interfaces/build/more_interfaces -- -j2 -l2
