[0.010s] Invoking command in '/home/alex/Documents/ros_ws/build/cpp_srvcli': CMAKE_PREFIX_PATH=/opt/ros/humble /usr/bin/cmake --build /home/alex/Documents/ros_ws/build/cpp_srvcli -- -j2 -l2
[0.087s] [35m[1mConsolidate compiler generated dependencies of target client[0m
[0.088s] [35m[1mConsolidate compiler generated dependencies of target server[0m
[0.107s] [ 25%] [32mBuilding CXX object CMakeFiles/server.dir/src/add_two_ints_server.cpp.o[0m
[0.108s] [ 50%] [32mBuilding CXX object CMakeFiles/client.dir/src/add_two_ints_client.cpp.o[0m
[2.147s] [01m[K/home/alex/Documents/ros_ws/src/cpp_srvcli/src/add_two_ints_server.cpp:[m[K In function ‘[01m[Kvoid add(std::shared_ptr<example_interfaces::srv::AddTwoInts_Request_<std::allocator<void> > >, std::shared_ptr<example_interfaces::srv::AddTwoInts_Response_<std::allocator<void> > >)[m[K’:
[2.147s] [01m[K/home/alex/Documents/ros_ws/src/cpp_srvcli/src/add_two_ints_server.cpp:13:9:[m[K [01;31m[Kerror: [m[K‘[01m[KRCPCPP_INFO[m[K’ was not declared in this scope; did you mean ‘[01m[KRCLCPP_INFO[m[K’?
[2.147s]    13 |         [01;31m[KRCPCPP_INFO[m[K(rclcpp::get_logger("rclcpp"), "sending back response: [%ld]", (long int)response->sum);
[2.147s]       |         [01;31m[K^~~~~~~~~~~[m[K
[2.148s]       |         [32m[KRCLCPP_INFO[m[K
[2.150s] [01m[K/home/alex/Documents/ros_ws/src/cpp_srvcli/src/add_two_ints_server.cpp:[m[K In function ‘[01m[Kint main(int, char**)[m[K’:
[2.150s] [01m[K/home/alex/Documents/ros_ws/src/cpp_srvcli/src/add_two_ints_server.cpp:18:22:[m[K [01;31m[Kerror: [m[K‘[01m[Kargc[m[K’ was not declared in this scope; did you mean ‘[01m[Karc[m[K’?
[2.150s]    18 |         rclcpp::init([01;31m[Kargc[m[K, argv);
[2.150s]       |                      [01;31m[K^~~~[m[K
[2.150s]       |                      [32m[Karc[m[K
[2.163s] [01m[K/home/alex/Documents/ros_ws/src/cpp_srvcli/src/add_two_ints_server.cpp:16:14:[m[K [01;35m[Kwarning: [m[Kunused parameter ‘[01m[Karc[m[K’ [[01;35m[K]8;;https://gcc.gnu.org/onlinedocs/gcc/Warning-Options.html#index-Wunused-parameter-Wunused-parameter]8;;[m[K]
[2.163s]    16 | int main([01;35m[Kint arc[m[K, char **argv)
[2.163s]       |          [01;35m[K~~~~^~~[m[K
[2.414s] [01m[K/home/alex/Documents/ros_ws/src/cpp_srvcli/src/add_two_ints_client.cpp:[m[K In function ‘[01m[Kint main(int, char**)[m[K’:
[2.414s] [01m[K/home/alex/Documents/ros_ws/src/cpp_srvcli/src/add_two_ints_client.cpp:38:25:[m[K [01;31m[Kerror: [m[K‘[01m[KRCLCPP[m[K’ has not been declared
[2.414s]    38 |                         [01;31m[KRCLCPP[m[K::FutureReturnCode::SUCCESS)
[2.414s]       |                         [01;31m[K^~~~~~[m[K
[2.578s] gmake[2]: *** [CMakeFiles/server.dir/build.make:76: CMakeFiles/server.dir/src/add_two_ints_server.cpp.o] Error 1
[2.578s] gmake[1]: *** [CMakeFiles/Makefile2:139: CMakeFiles/server.dir/all] Error 2
[2.578s] gmake[1]: *** Waiting for unfinished jobs....
[2.931s] gmake[2]: *** [CMakeFiles/client.dir/build.make:76: CMakeFiles/client.dir/src/add_two_ints_client.cpp.o] Error 1
[2.934s] gmake[1]: *** [CMakeFiles/Makefile2:165: CMakeFiles/client.dir/all] Error 2
[2.935s] gmake: *** [Makefile:146: all] Error 2
[2.944s] Invoked command in '/home/alex/Documents/ros_ws/build/cpp_srvcli' returned '2': CMAKE_PREFIX_PATH=/opt/ros/humble /usr/bin/cmake --build /home/alex/Documents/ros_ws/build/cpp_srvcli -- -j2 -l2
