[0.025s] Invoking command in '/home/alex/Documents/ros_ws/build/cpp_srvcli': CMAKE_PREFIX_PATH=/opt/ros/humble /usr/bin/cmake --build /home/alex/Documents/ros_ws/build/cpp_srvcli -- -j2 -l2
[0.080s] [35m[1mConsolidate compiler generated dependencies of target client[0m
[0.092s] [ 25%] [32mBuilding CXX object CMakeFiles/server.dir/src/add_two_ints_server.cpp.o[0m
[0.100s] [ 50%] [32mBuilding CXX object CMakeFiles/client.dir/src/add_two_ints_client.cpp.o[0m
[2.701s] [ 75%] [32m[1mLinking CXX executable server[0m
[2.842s] [ 75%] Built target server
[3.371s] [100%] [32m[1mLinking CXX executable client[0m
[3.499s] [100%] Built target client
[3.514s] Invoked command in '/home/alex/Documents/ros_ws/build/cpp_srvcli' returned '0': CMAKE_PREFIX_PATH=/opt/ros/humble /usr/bin/cmake --build /home/alex/Documents/ros_ws/build/cpp_srvcli -- -j2 -l2
[3.593s] Invoking command in '/home/alex/Documents/ros_ws/build/cpp_srvcli': CMAKE_PREFIX_PATH=/opt/ros/humble /usr/bin/cmake --install /home/alex/Documents/ros_ws/build/cpp_srvcli
[3.600s] -- Install configuration: ""
[3.600s] -- Installing: /home/alex/Documents/ros_ws/install/cpp_srvcli/lib/cpp_srvcli/server
[3.601s] -- Set runtime path of "/home/alex/Documents/ros_ws/install/cpp_srvcli/lib/cpp_srvcli/server" to ""
[3.601s] -- Installing: /home/alex/Documents/ros_ws/install/cpp_srvcli/share/ament_index/resource_index/package_run_dependencies/cpp_srvcli
[3.601s] -- Installing: /home/alex/Documents/ros_ws/install/cpp_srvcli/share/ament_index/resource_index/parent_prefix_path/cpp_srvcli
[3.601s] -- Installing: /home/alex/Documents/ros_ws/install/cpp_srvcli/share/cpp_srvcli/environment/ament_prefix_path.sh
[3.602s] -- Installing: /home/alex/Documents/ros_ws/install/cpp_srvcli/share/cpp_srvcli/environment/ament_prefix_path.dsv
[3.602s] -- Installing: /home/alex/Documents/ros_ws/install/cpp_srvcli/share/cpp_srvcli/environment/path.sh
[3.602s] -- Installing: /home/alex/Documents/ros_ws/install/cpp_srvcli/share/cpp_srvcli/environment/path.dsv
[3.602s] -- Installing: /home/alex/Documents/ros_ws/install/cpp_srvcli/share/cpp_srvcli/local_setup.bash
[3.603s] -- Installing: /home/alex/Documents/ros_ws/install/cpp_srvcli/share/cpp_srvcli/local_setup.sh
[3.603s] -- Installing: /home/alex/Documents/ros_ws/install/cpp_srvcli/share/cpp_srvcli/local_setup.zsh
[3.603s] -- Installing: /home/alex/Documents/ros_ws/install/cpp_srvcli/share/cpp_srvcli/local_setup.dsv
[3.603s] -- Installing: /home/alex/Documents/ros_ws/install/cpp_srvcli/share/cpp_srvcli/package.dsv
[3.604s] -- Installing: /home/alex/Documents/ros_ws/install/cpp_srvcli/share/ament_index/resource_index/packages/cpp_srvcli
[3.604s] -- Installing: /home/alex/Documents/ros_ws/install/cpp_srvcli/share/cpp_srvcli/cmake/cpp_srvcliConfig.cmake
[3.604s] -- Installing: /home/alex/Documents/ros_ws/install/cpp_srvcli/share/cpp_srvcli/cmake/cpp_srvcliConfig-version.cmake
[3.605s] -- Installing: /home/alex/Documents/ros_ws/install/cpp_srvcli/share/cpp_srvcli/package.xml
[3.610s] Invoked command in '/home/alex/Documents/ros_ws/build/cpp_srvcli' returned '0': CMAKE_PREFIX_PATH=/opt/ros/humble /usr/bin/cmake --install /home/alex/Documents/ros_ws/build/cpp_srvcli
