[0.063s] Invoking command in '/home/alex/Documents/ros_ws/build/cpp_srvcli': CMAKE_PREFIX_PATH=${CMAKE_PREFIX_PATH}:/opt/ros/humble /usr/bin/cmake --build /home/alex/Documents/ros_ws/build/cpp_srvcli -- -j2 -l2
[0.092s] -- Found ament_cmake: 1.3.5 (/opt/ros/humble/share/ament_cmake/cmake)
[0.230s] -- Found rclcpp: 16.0.5 (/opt/ros/humble/share/rclcpp/cmake)
[0.249s] -- Found rosidl_generator_c: 3.1.5 (/opt/ros/humble/share/rosidl_generator_c/cmake)
[0.251s] -- Found rosidl_adapter: 3.1.5 (/opt/ros/humble/share/rosidl_adapter/cmake)
[0.255s] -- Found rosidl_generator_cpp: 3.1.5 (/opt/ros/humble/share/rosidl_generator_cpp/cmake)
[0.262s] -- Using all available rosidl_typesupport_c: rosidl_typesupport_fastrtps_c;rosidl_typesupport_introspection_c
[0.272s] -- Using all available rosidl_typesupport_cpp: rosidl_typesupport_fastrtps_cpp;rosidl_typesupport_introspection_cpp
[0.310s] -- Found rmw_implementation_cmake: 6.1.1 (/opt/ros/humble/share/rmw_implementation_cmake/cmake)
[0.311s] -- Found rmw_fastrtps_cpp: 6.2.3 (/opt/ros/humble/share/rmw_fastrtps_cpp/cmake)
[0.445s] -- Using RMW implementation 'rmw_fastrtps_cpp' as default
[0.552s] -- Found example_interfaces: 0.9.3 (/opt/ros/humble/share/example_interfaces/cmake)
[0.642s] -- Found ament_lint_auto: 0.12.7 (/opt/ros/humble/share/ament_lint_auto/cmake)
[0.689s] -- Added test 'cppcheck' to perform static code analysis on C / C++ code
[0.689s] -- Configured cppcheck include dirs: 
[0.689s] -- Configured cppcheck exclude dirs and/or files: 
[0.689s] -- Added test 'lint_cmake' to check CMake code style
[0.690s] -- Added test 'uncrustify' to check C / C++ code style
[0.690s] -- Configured uncrustify additional arguments: 
[0.691s] -- Added test 'xmllint' to check XML markup files
[0.691s] -- Configuring done
[0.702s] -- Generating done
[0.704s] -- Build files have been written to: /home/alex/Documents/ros_ws/build/cpp_srvcli
[0.737s] [35m[1mConsolidate compiler generated dependencies of target server[0m
[0.746s] [35m[1mConsolidate compiler generated dependencies of target client[0m
[0.778s] [ 50%] Built target server
[0.787s] [100%] Built target client
[0.797s] Invoked command in '/home/alex/Documents/ros_ws/build/cpp_srvcli' returned '0': CMAKE_PREFIX_PATH=${CMAKE_PREFIX_PATH}:/opt/ros/humble /usr/bin/cmake --build /home/alex/Documents/ros_ws/build/cpp_srvcli -- -j2 -l2
[0.868s] Invoking command in '/home/alex/Documents/ros_ws/build/cpp_srvcli': CMAKE_PREFIX_PATH=${CMAKE_PREFIX_PATH}:/opt/ros/humble /usr/bin/cmake --install /home/alex/Documents/ros_ws/build/cpp_srvcli
[0.880s] -- Install configuration: ""
[0.882s] -- Up-to-date: /home/alex/Documents/ros_ws/install/cpp_srvcli/lib/cpp_srvcli/server
[0.882s] -- Up-to-date: /home/alex/Documents/ros_ws/install/cpp_srvcli/share/ament_index/resource_index/package_run_dependencies/cpp_srvcli
[0.883s] -- Installing: /home/alex/Documents/ros_ws/install/cpp_srvcli/share/ament_index/resource_index/parent_prefix_path/cpp_srvcli
[0.883s] -- Up-to-date: /home/alex/Documents/ros_ws/install/cpp_srvcli/share/cpp_srvcli/environment/ament_prefix_path.sh
[0.884s] -- Installing: /home/alex/Documents/ros_ws/install/cpp_srvcli/share/cpp_srvcli/environment/ament_prefix_path.dsv
[0.884s] -- Up-to-date: /home/alex/Documents/ros_ws/install/cpp_srvcli/share/cpp_srvcli/environment/path.sh
[0.885s] -- Installing: /home/alex/Documents/ros_ws/install/cpp_srvcli/share/cpp_srvcli/environment/path.dsv
[0.885s] -- Up-to-date: /home/alex/Documents/ros_ws/install/cpp_srvcli/share/cpp_srvcli/local_setup.bash
[0.886s] -- Up-to-date: /home/alex/Documents/ros_ws/install/cpp_srvcli/share/cpp_srvcli/local_setup.sh
[0.886s] -- Up-to-date: /home/alex/Documents/ros_ws/install/cpp_srvcli/share/cpp_srvcli/local_setup.zsh
[0.886s] -- Installing: /home/alex/Documents/ros_ws/install/cpp_srvcli/share/cpp_srvcli/local_setup.dsv
[0.887s] -- Installing: /home/alex/Documents/ros_ws/install/cpp_srvcli/share/cpp_srvcli/package.dsv
[0.887s] -- Up-to-date: /home/alex/Documents/ros_ws/install/cpp_srvcli/share/ament_index/resource_index/packages/cpp_srvcli
[0.888s] -- Up-to-date: /home/alex/Documents/ros_ws/install/cpp_srvcli/share/cpp_srvcli/cmake/cpp_srvcliConfig.cmake
[0.888s] -- Up-to-date: /home/alex/Documents/ros_ws/install/cpp_srvcli/share/cpp_srvcli/cmake/cpp_srvcliConfig-version.cmake
[0.888s] -- Up-to-date: /home/alex/Documents/ros_ws/install/cpp_srvcli/share/cpp_srvcli/package.xml
[0.892s] Invoked command in '/home/alex/Documents/ros_ws/build/cpp_srvcli' returned '0': CMAKE_PREFIX_PATH=${CMAKE_PREFIX_PATH}:/opt/ros/humble /usr/bin/cmake --install /home/alex/Documents/ros_ws/build/cpp_srvcli
