[0.065s] Invoking command in '/home/alex/Documents/ros_ws/build/more_interfaces': CMAKE_PREFIX_PATH=/opt/ros/humble /usr/bin/cmake /home/alex/Documents/ros_ws/src/more_interfaces -DCMAKE_INSTALL_PREFIX=/home/alex/Documents/ros_ws/install/more_interfaces
[0.086s] -- Found ament_cmake: 1.3.5 (/opt/ros/humble/share/ament_cmake/cmake)
[0.198s] -- Found rosidl_default_generators: 1.2.0 (/opt/ros/humble/share/rosidl_default_generators/cmake)
[0.199s] -- Using all available rosidl_typesupport_c: rosidl_typesupport_fastrtps_c;rosidl_typesupport_introspection_c
[0.201s] -- Found rosidl_adapter: 3.1.5 (/opt/ros/humble/share/rosidl_adapter/cmake)
[0.225s] -- Using all available rosidl_typesupport_cpp: rosidl_typesupport_fastrtps_cpp;rosidl_typesupport_introspection_cpp
[0.245s] -- Found ament_lint_auto: 0.12.7 (/opt/ros/humble/share/ament_lint_auto/cmake)
[0.462s] -- Found ament_cmake_ros: 0.10.0 (/opt/ros/humble/share/ament_cmake_ros/cmake)
[0.588s] -- Using all available rosidl_typesupport_c: rosidl_typesupport_fastrtps_c;rosidl_typesupport_introspection_c
[0.965s] -- Using all available rosidl_typesupport_cpp: rosidl_typesupport_fastrtps_cpp;rosidl_typesupport_introspection_cpp
[0.989s] -- Found python_cmake_module: 0.10.0 (/opt/ros/humble/share/python_cmake_module/cmake)
[1.008s] -- Using PYTHON_EXECUTABLE: /usr/bin/python3
[1.008s] -- Using PYTHON_INCLUDE_DIRS: /usr/include/python3.10
[1.008s] -- Using PYTHON_LIBRARIES: /usr/lib/x86_64-linux-gnu/libpython3.10.so
[1.015s] [31mCMake Error at /opt/ros/humble/share/ament_cmake_target_dependencies/cmake/ament_target_dependencies.cmake:77 (message):
[1.015s]   ament_target_dependencies() the passed package name 'rclcpp' was not found
[1.015s]   before
[1.015s] Call Stack (most recent call first):
[1.015s]   CMakeLists.txt:35 (ament_target_dependencies)
[1.015s] 
[1.016s] [0m
[1.016s] -- Configuring incomplete, errors occurred!
[1.016s] See also "/home/alex/Documents/ros_ws/build/more_interfaces/CMakeFiles/CMakeOutput.log".
[1.021s] Invoked command in '/home/alex/Documents/ros_ws/build/more_interfaces' returned '1': CMAKE_PREFIX_PATH=/opt/ros/humble /usr/bin/cmake /home/alex/Documents/ros_ws/src/more_interfaces -DCMAKE_INSTALL_PREFIX=/home/alex/Documents/ros_ws/install/more_interfaces
