[0.035s] Invoking command in '/home/alex/Documents/ros_ws/build/tutorial_interfaces': CMAKE_PREFIX_PATH=${CMAKE_PREFIX_PATH}:/opt/ros/humble /usr/bin/cmake /home/alex/Documents/ros_ws/src/tutorial_interfaces -DCMAKE_INSTALL_PREFIX=/home/alex/Documents/ros_ws/install/tutorial_interfaces
[0.134s] -- The C compiler identification is GNU 11.4.0
[0.214s] -- The CXX compiler identification is GNU 11.4.0
[0.221s] -- Detecting C compiler ABI info
[0.397s] -- Detecting C compiler ABI info - done
[0.428s] -- Check for working C compiler: /usr/bin/cc - skipped
[0.429s] -- Detecting C compile features
[0.431s] -- Detecting C compile features - done
[0.446s] -- Detecting CXX compiler ABI info
[0.737s] -- Detecting CXX compiler ABI info - done
[0.779s] -- Check for working CXX compiler: /usr/bin/c++ - skipped
[0.780s] -- Detecting CXX compile features
[0.781s] -- Detecting CXX compile features - done
[0.784s] -- Found ament_cmake: 1.3.5 (/opt/ros/humble/share/ament_cmake/cmake)
[0.925s] -- Found Python3: /usr/bin/python3.10 (found version "3.10.12") found components: Interpreter 
[0.994s] -- Found geometry_msgs: 4.2.3 (/opt/ros/humble/share/geometry_msgs/cmake)
[1.062s] -- Found rosidl_generator_c: 3.1.5 (/opt/ros/humble/share/rosidl_generator_c/cmake)
[1.066s] -- Found rosidl_adapter: 3.1.5 (/opt/ros/humble/share/rosidl_adapter/cmake)
[1.072s] -- Found rosidl_generator_cpp: 3.1.5 (/opt/ros/humble/share/rosidl_generator_cpp/cmake)
[1.080s] -- Using all available rosidl_typesupport_c: rosidl_typesupport_fastrtps_c;rosidl_typesupport_introspection_c
[1.093s] -- Using all available rosidl_typesupport_cpp: rosidl_typesupport_fastrtps_cpp;rosidl_typesupport_introspection_cpp
[1.228s] [31mCMake Error at CMakeLists.txt:13 (find_package):
[1.229s]   By not providing "Findros_idl_default_generators.cmake" in
[1.229s]   CMAKE_MODULE_PATH this project has asked CMake to find a package
[1.229s]   configuration file provided by "ros_idl_default_generators", but CMake did
[1.229s]   not find one.
[1.229s] 
[1.229s]   Could not find a package configuration file provided by
[1.230s]   "ros_idl_default_generators" with any of the following names:
[1.230s] 
[1.230s]     ros_idl_default_generatorsConfig.cmake
[1.230s]     ros_idl_default_generators-config.cmake
[1.230s] 
[1.230s]   Add the installation prefix of "ros_idl_default_generators" to
[1.230s]   CMAKE_PREFIX_PATH or set "ros_idl_default_generators_DIR" to a directory
[1.231s]   containing one of the above files.  If "ros_idl_default_generators"
[1.231s]   provides a separate development package or SDK, be sure it has been
[1.231s]   installed.
[1.231s] 
[1.231s] [0m
[1.231s] -- Configuring incomplete, errors occurred!
[1.231s] See also "/home/alex/Documents/ros_ws/build/tutorial_interfaces/CMakeFiles/CMakeOutput.log".
[1.245s] Invoked command in '/home/alex/Documents/ros_ws/build/tutorial_interfaces' returned '1': CMAKE_PREFIX_PATH=${CMAKE_PREFIX_PATH}:/opt/ros/humble /usr/bin/cmake /home/alex/Documents/ros_ws/src/tutorial_interfaces -DCMAKE_INSTALL_PREFIX=/home/alex/Documents/ros_ws/install/tutorial_interfaces
